{"data":{"email":"waleed2@gmail.com","password":"123"},"level":"info","message":"[FSM] Event received:","service":"task-management-fsm","timestamp":"2025-08-06T06:20:51.890Z","type":"LOGIN"}
{"level":"info","message":"Login successful, FSM state:","service":"task-management-fsm","timestamp":"2025-08-06T06:20:52.078Z"}
{"level":"info","message":"User context:","service":"task-management-fsm","timestamp":"2025-08-06T06:20:52.079Z"}
{"data":{"email":"waleed2@gmail.com","password":"123"},"level":"info","message":"[FSM] Event received:","service":"task-management-fsm","timestamp":"2025-08-06T06:22:15.161Z","type":"LOGIN"}
{"dashboard":"idle","level":"info","message":"Login successful, FSM state:","service":"task-management-fsm","timestamp":"2025-08-06T06:22:15.342Z"}
{"email":"waleed2@gmail.com","firstName":"waleed","lastName":"ahmad","level":"info","message":"User context:","role":"teamLead","service":"task-management-fsm","timestamp":"2025-08-06T06:22:15.343Z"}
{"data":{"email":"waleed2@gmail.com","password":"123"},"level":"info","message":"[FSM] Event received:","service":"task-management-fsm","timestamp":"2025-08-06T06:22:33.948Z","type":"LOGIN"}
{"dashboard":"idle","level":"info","message":"Login successful, FSM state:","service":"task-management-fsm","timestamp":"2025-08-06T06:22:34.129Z"}
{"email":"waleed2@gmail.com","firstName":"waleed","lastName":"ahmad","level":"info","message":"User context:","role":"teamLead","service":"task-management-fsm","timestamp":"2025-08-06T06:22:34.131Z"}
{"data":{"email":"waleed2@gmail.com","password":"123"},"level":"info","message":"[FSM] Event received:","service":"task-management-fsm","timestamp":"2025-08-06T06:23:45.793Z","type":"LOGIN"}
{"dashboard":"idle","level":"info","message":"Login successful, FSM state:","service":"task-management-fsm","timestamp":"2025-08-06T06:23:45.912Z"}
{"email":"waleed2@gmail.com","firstName":"waleed","lastName":"ahmad","level":"info","message":"User context:","role":"teamLead","service":"task-management-fsm","timestamp":"2025-08-06T06:23:45.913Z"}
{"data":{"email":"waleed2@gmail.com","password":"123"},"level":"info","message":"[FSM] Event received:","service":"task-management-fsm","timestamp":"2025-08-06T06:24:07.819Z","type":"LOGIN"}
{"dashboard":"idle","level":"info","message":"Login successful, FSM state:","service":"task-management-fsm","timestamp":"2025-08-06T06:24:07.933Z"}
{"email":"waleed2@gmail.com","firstName":"waleed","lastName":"ahmad","level":"info","message":"User context:","role":"teamLead","service":"task-management-fsm","timestamp":"2025-08-06T06:24:07.934Z"}
{"data":{"email":"waleed@gmail.com","password":"123"},"level":"info","message":"[FSM] Event received:","service":"task-management-fsm","timestamp":"2025-08-06T06:27:50.812Z","type":"LOGIN"}
{"dashboard":"idle","level":"info","message":"Login successful, FSM state:","service":"task-management-fsm","timestamp":"2025-08-06T06:27:50.976Z"}
{"email":"waleed@gmail.com","firstName":"waleed","lastName":"ahmad","level":"info","message":"User context:","role":"teamLead","service":"task-management-fsm","timestamp":"2025-08-06T06:27:50.977Z"}
{"data":{"email":"waleed@gmail.com","password":"123"},"level":"info","message":"[FSM] Event received:","service":"task-management-fsm","timestamp":"2025-08-06T06:46:14.317Z","type":"LOGIN"}
{"dashboard":"idle","level":"info","message":"Login successful, FSM state:","service":"task-management-fsm","timestamp":"2025-08-06T06:46:14.463Z"}
{"email":"waleed@gmail.com","firstName":"waleed","lastName":"ahmad","level":"info","message":"User context:","role":"teamLead","service":"task-management-fsm","timestamp":"2025-08-06T06:46:14.463Z"}
{"data":{"task":{"assignedTo":"test2@gmail.com","createdAt":1754462830606,"description":"some task desc ","dueDate":"2025-08-15","edited":false,"priority":"High","status":"Pending","title":"Task 5"}},"level":"info","message":"[FSM] Event received:","service":"task-management-fsm","timestamp":"2025-08-06T06:47:10.619Z","type":"SUBMIT_TASK"}
{"data":{},"level":"info","message":"[FSM] Event received:","service":"task-management-fsm","timestamp":"2025-08-06T06:47:19.627Z","type":"LOGOUT"}
{"data":{"email":"test1@gmail.com","password":"123"},"level":"info","message":"[FSM] Event received:","service":"task-management-fsm","timestamp":"2025-08-06T06:47:27.545Z","type":"LOGIN"}
{"data":{"email":"test@gmail.com","password":"123"},"level":"info","message":"[FSM] Event received:","service":"task-management-fsm","timestamp":"2025-08-06T06:47:35.473Z","type":"LOGIN"}
{"dashboard":"idle","level":"info","message":"Login successful, FSM state:","service":"task-management-fsm","timestamp":"2025-08-06T06:47:35.606Z"}
{"email":"test@gmail.com","firstName":"Test User","lastName":"Member","level":"info","message":"User context:","role":"teamMember","service":"task-management-fsm","timestamp":"2025-08-06T06:47:35.607Z"}
{"data":{"email":"testing@gmail.com","firstName":"testing","lastName":"member","password":"123","role":"teamMember"},"level":"info","message":"[FSM] Event received:","service":"task-management-fsm","timestamp":"2025-08-06T06:48:20.862Z","type":"SIGNUP"}
{"data":{"email":"testing@gmail.com","password":"123"},"level":"info","message":"[FSM] Event received:","service":"task-management-fsm","timestamp":"2025-08-06T06:48:29.898Z","type":"LOGIN"}
{"dashboard":"idle","level":"info","message":"Login successful, FSM state:","service":"task-management-fsm","timestamp":"2025-08-06T06:48:30.056Z"}
{"email":"testing@gmail.com","firstName":"testing","lastName":"member","level":"info","message":"User context:","role":"teamMember","service":"task-management-fsm","timestamp":"2025-08-06T06:48:30.057Z"}
{"data":{},"level":"info","message":"[FSM] Event received:","service":"task-management-fsm","timestamp":"2025-08-06T06:55:21.848Z","type":"LOGOUT"}
{"data":{"email":"waleed@gmail.com","password":"123"},"level":"info","message":"[FSM] Event received:","service":"task-management-fsm","timestamp":"2025-08-06T06:55:54.998Z","type":"LOGIN"}
{"dashboard":"idle","level":"info","message":"Login successful, FSM state:","service":"task-management-fsm","timestamp":"2025-08-06T06:55:55.181Z"}
{"email":"waleed@gmail.com","firstName":"waleed","lastName":"ahmad","level":"info","message":"User context:","role":"teamLead","service":"task-management-fsm","timestamp":"2025-08-06T06:55:55.182Z"}
{"data":{"email":"waleed@gmail.com","password":"123"},"level":"info","message":"[FSM] Event received:","service":"task-management-fsm","timestamp":"2025-08-06T07:00:43.700Z","type":"LOGIN"}
{"dashboard":"idle","level":"info","message":"Login successful, FSM state:","service":"task-management-fsm","timestamp":"2025-08-06T07:00:43.835Z"}
{"email":"waleed@gmail.com","firstName":"waleed","lastName":"ahmad","level":"info","message":"User context:","role":"teamLead","service":"task-management-fsm","timestamp":"2025-08-06T07:00:43.836Z"}
{"data":{"email":"waleed@gmail.com","password":"123"},"level":"info","message":"[FSM] Event received:","service":"task-management-fsm","timestamp":"2025-08-06T07:14:02.269Z","type":"LOGIN"}
{"dashboard":"idle","level":"info","message":"Login successful, FSM state:","service":"task-management-fsm","timestamp":"2025-08-06T07:14:02.462Z"}
{"email":"waleed@gmail.com","firstName":"waleed","lastName":"ahmad","level":"info","message":"User context:","role":"teamLead","service":"task-management-fsm","timestamp":"2025-08-06T07:14:02.462Z"}
{"data":{},"level":"info","message":"[FSM] Event received:","service":"task-management-fsm","timestamp":"2025-08-06T07:16:37.297Z","type":"LOGOUT"}
{"data":{"email":"waleed@gmail.com","password":"123"},"level":"info","message":"[FSM] Event received:","service":"task-management-fsm","timestamp":"2025-08-06T07:17:27.372Z","type":"LOGIN"}
{"dashboard":"idle","level":"info","message":"Login successful, FSM state:","service":"task-management-fsm","timestamp":"2025-08-06T07:17:27.536Z"}
{"email":"waleed@gmail.com","firstName":"waleed","lastName":"ahmad","level":"info","message":"User context:","role":"teamLead","service":"task-management-fsm","timestamp":"2025-08-06T07:17:27.537Z"}
{"data":{},"level":"info","message":"[FSM] Event received:","service":"task-management-fsm","timestamp":"2025-08-06T07:20:59.519Z","type":"LOGOUT"}
{"data":{"email":"waleed@gmail.com","password":"123"},"level":"info","message":"[FSM] Event received:","service":"task-management-fsm","timestamp":"2025-08-06T07:21:06.177Z","type":"LOGIN"}
{"dashboard":"idle","level":"info","message":"Login successful, FSM state:","service":"task-management-fsm","timestamp":"2025-08-06T07:21:06.298Z"}
{"email":"waleed@gmail.com","firstName":"waleed","lastName":"ahmad","level":"info","message":"User context:","role":"teamLead","service":"task-management-fsm","timestamp":"2025-08-06T07:21:06.299Z"}
{"data":{},"level":"info","message":"[FSM] Event received:","service":"task-management-fsm","timestamp":"2025-08-06T07:38:08.146Z","type":"LOGOUT"}
{"data":{"email":"waleed@gmail.com","password":"wal"},"level":"info","message":"[FSM] Event received:","service":"task-management-fsm","timestamp":"2025-08-06T07:38:31.491Z","type":"LOGIN"}
{"data":{"email":"waleed@gmail.com","password":"123"},"level":"info","message":"[FSM] Event received:","service":"task-management-fsm","timestamp":"2025-08-06T07:38:47.635Z","type":"LOGIN"}
{"dashboard":"idle","level":"info","message":"Login successful, FSM state:","service":"task-management-fsm","timestamp":"2025-08-06T07:38:47.798Z"}
{"email":"waleed@gmail.com","firstName":"waleed","lastName":"ahmad","level":"info","message":"User context:","role":"teamLead","service":"task-management-fsm","timestamp":"2025-08-06T07:38:47.799Z"}
{"data":{},"level":"info","message":"[FSM] Event received:","service":"task-management-fsm","timestamp":"2025-08-06T07:42:53.113Z","type":"LOGOUT"}
{"data":{"email":"waleed@gmail.com","password":"123"},"level":"info","message":"[FSM] Event received:","service":"task-management-fsm","timestamp":"2025-08-06T07:45:02.223Z","type":"LOGIN"}
{"dashboard":"idle","level":"info","message":"Login successful, FSM state:","service":"task-management-fsm","timestamp":"2025-08-06T07:45:02.337Z"}
{"email":"waleed@gmail.com","firstName":"waleed","lastName":"ahmad","level":"info","message":"User context:","role":"teamLead","service":"task-management-fsm","timestamp":"2025-08-06T07:45:02.338Z"}
{"data":{"task":{"assignedTo":"testing@gmail.com","createdAt":1754466487801,"description":"this is some task descn and that i have hfkj sdjfh","dueDate":"2025-08-15","edited":false,"priority":"Medium","status":"In Progress","title":"TAsk 6"}},"level":"info","message":"[FSM] Event received:","service":"task-management-fsm","timestamp":"2025-08-06T07:48:07.826Z","type":"SUBMIT_TASK"}
{"data":{},"level":"info","message":"[FSM] Event received:","service":"task-management-fsm","timestamp":"2025-08-06T07:53:51.524Z","type":"LOGOUT"}
{"data":{"email":"test@gmail.com","password":"123"},"level":"info","message":"[FSM] Event received:","service":"task-management-fsm","timestamp":"2025-08-06T07:54:01.799Z","type":"LOGIN"}
{"dashboard":"idle","level":"info","message":"Login successful, FSM state:","service":"task-management-fsm","timestamp":"2025-08-06T07:54:01.953Z"}
{"email":"test@gmail.com","firstName":"Test User","lastName":"Member","level":"info","message":"User context:","role":"teamMember","service":"task-management-fsm","timestamp":"2025-08-06T07:54:01.956Z"}
{"data":{},"level":"info","message":"[FSM] Event received:","service":"task-management-fsm","timestamp":"2025-08-06T07:54:30.036Z","type":"LOGOUT"}
{"data":{"email":"test!@gmail.com","password":"123"},"level":"info","message":"[FSM] Event received:","service":"task-management-fsm","timestamp":"2025-08-06T07:54:36.161Z","type":"LOGIN"}
{"data":{"email":"tes!@gmail.com","password":"123"},"level":"info","message":"[FSM] Event received:","service":"task-management-fsm","timestamp":"2025-08-06T07:54:41.071Z","type":"LOGIN"}
{"data":{"email":"test@gmail.com","password":"123"},"level":"info","message":"[FSM] Event received:","service":"task-management-fsm","timestamp":"2025-08-06T07:54:45.501Z","type":"LOGIN"}
{"dashboard":"idle","level":"info","message":"Login successful, FSM state:","service":"task-management-fsm","timestamp":"2025-08-06T07:54:45.659Z"}
{"email":"test@gmail.com","firstName":"Test User 123","lastName":"Member","level":"info","message":"User context:","role":"teamMember","service":"task-management-fsm","timestamp":"2025-08-06T07:54:45.660Z"}
{"data":{},"level":"info","message":"[FSM] Event received:","service":"task-management-fsm","timestamp":"2025-08-06T08:16:33.754Z","type":"LOGOUT"}
{"data":{"email":"waleed@gmail.com","password":"123"},"level":"info","message":"[FSM] Event received:","service":"task-management-fsm","timestamp":"2025-08-06T08:16:41.214Z","type":"LOGIN"}
{"dashboard":"idle","level":"info","message":"Login successful, FSM state:","service":"task-management-fsm","timestamp":"2025-08-06T08:16:41.365Z"}
{"email":"waleed@gmail.com","firstName":"waleed","lastName":"ahmad","level":"info","message":"User context:","role":"teamLead","service":"task-management-fsm","timestamp":"2025-08-06T08:16:41.366Z"}
{"data":{"task":{"assignedTo":"test@gmail.com","createdAt":1754468237858,"description":"jksdhf this thias thakjf sdfm,nv","dueDate":"2025-08-15","edited":false,"priority":"Medium","status":"In Progress","title":"Task 7"}},"level":"info","message":"[FSM] Event received:","service":"task-management-fsm","timestamp":"2025-08-06T08:17:17.870Z","type":"SUBMIT_TASK"}
{"data":{},"level":"info","message":"[FSM] Event received:","service":"task-management-fsm","timestamp":"2025-08-06T08:17:23.947Z","type":"LOGOUT"}
{"data":{"email":"test@gmail.com","password":"123"},"level":"info","message":"[FSM] Event received:","service":"task-management-fsm","timestamp":"2025-08-06T08:17:29.565Z","type":"LOGIN"}
{"dashboard":"idle","level":"info","message":"Login successful, FSM state:","service":"task-management-fsm","timestamp":"2025-08-06T08:17:29.710Z"}
{"email":"test@gmail.com","firstName":"Test User 123","lastName":"Member","level":"info","message":"User context:","role":"teamMember","service":"task-management-fsm","timestamp":"2025-08-06T08:17:29.710Z"}
{"data":{},"level":"info","message":"[FSM] Event received:","service":"task-management-fsm","timestamp":"2025-08-06T08:46:02.454Z","type":"LOGOUT"}
{"data":{},"level":"info","message":"[FSM] Event received:","service":"task-management-fsm","timestamp":"2025-08-06T08:56:48.949Z","type":"LOGOUT"}
{"data":{"email":"waleed@gmail.com","password":"123"},"level":"info","message":"[FSM] Event received:","service":"task-management-fsm","timestamp":"2025-08-06T08:56:56.817Z","type":"LOGIN"}
{"dashboard":"idle","level":"info","message":"Login successful, FSM state:","service":"task-management-fsm","timestamp":"2025-08-06T08:56:56.941Z"}
{"email":"waleed@gmail.com","firstName":"waleed","lastName":"ahmad","level":"info","message":"User context:","role":"teamLead","service":"task-management-fsm","timestamp":"2025-08-06T08:56:56.941Z"}
{"data":{"taskId":5},"level":"info","message":"[FSM] Event received:","service":"task-management-fsm","timestamp":"2025-08-06T09:05:22.399Z","type":"MARK_AS_COMPLETED"}
{"data":{"taskId":1},"level":"info","message":"[FSM] Event received:","service":"task-management-fsm","timestamp":"2025-08-06T09:05:33.918Z","type":"MARK_AS_COMPLETED"}
{"data":{"taskId":6},"level":"info","message":"[FSM] Event received:","service":"task-management-fsm","timestamp":"2025-08-06T09:06:00.168Z","type":"MARK_AS_COMPLETED"}
{"data":{"email":"waleed@gmail.com","password":"123"},"level":"info","message":"[FSM] Event received:","service":"task-management-fsm","timestamp":"2025-08-06T11:25:10.297Z","type":"LOGIN"}
{"dashboard":"idle","level":"info","message":"Login successful, FSM state:","service":"task-management-fsm","timestamp":"2025-08-06T11:25:10.456Z"}
{"email":"waleed@gmail.com","firstName":"waleed","lastName":"ahmad","level":"info","message":"User context:","role":"teamLead","service":"task-management-fsm","timestamp":"2025-08-06T11:25:10.456Z"}
{"data":{"task":{"assignedTo":"test@gmail.com","createdAt":1754479554448,"description":"This is a task descri[tipn that is wrottem here ","dueDate":"2025-08-07","edited":false,"priority":"Medium","status":"Pending","title":"Task 8"}},"level":"info","message":"[FSM] Event received:","service":"task-management-fsm","timestamp":"2025-08-06T11:25:54.480Z","type":"SUBMIT_TASK"}
{"data":{"taskId":9},"level":"info","message":"[FSM] Event received:","service":"task-management-fsm","timestamp":"2025-08-06T11:26:01.417Z","type":"MARK_AS_COMPLETED"}
{"data":{},"level":"info","message":"[FSM] Event received:","service":"task-management-fsm","timestamp":"2025-08-06T11:56:58.382Z","type":"LOGOUT"}
{"data":{"email":"waleed@gmail.com","password":"123"},"level":"info","message":"[FSM] Event received:","service":"task-management-fsm","timestamp":"2025-08-06T12:04:24.595Z","type":"LOGIN"}
{"dashboard":"idle","level":"info","message":"Login successful, FSM state:","service":"task-management-fsm","timestamp":"2025-08-06T12:04:24.723Z"}
{"email":"waleed@gmail.com","firstName":"waleed","lastName":"ahmad","level":"info","message":"User context:","role":"teamLead","service":"task-management-fsm","timestamp":"2025-08-06T12:04:24.723Z"}
{"data":{},"level":"info","message":"[FSM] Event received:","service":"task-management-fsm","timestamp":"2025-08-06T12:07:41.947Z","type":"LOGOUT"}
{"data":{"email":"test@gmail.com","password":"123"},"level":"info","message":"[FSM] Event received:","service":"task-management-fsm","timestamp":"2025-08-06T12:07:48.656Z","type":"LOGIN"}
{"dashboard":"idle","level":"info","message":"Login successful, FSM state:","service":"task-management-fsm","timestamp":"2025-08-06T12:07:48.807Z"}
{"email":"test@gmail.com","firstName":"Test User 123","lastName":"Member","level":"info","message":"User context:","role":"teamMember","service":"task-management-fsm","timestamp":"2025-08-06T12:07:48.808Z"}
{"data":{},"level":"info","message":"[FSM] Event received:","service":"task-management-fsm","timestamp":"2025-08-06T12:18:21.892Z","type":"LOGOUT"}
{"data":{"email":"waleed@gmail.com","password":"123"},"level":"info","message":"[FSM] Event received:","service":"task-management-fsm","timestamp":"2025-08-06T12:20:27.521Z","type":"LOGIN"}
{"dashboard":"idle","level":"info","message":"Login successful, FSM state:","service":"task-management-fsm","timestamp":"2025-08-06T12:20:27.666Z"}
{"email":"waleed@gmail.com","firstName":"waleed","lastName":"ahmad","level":"info","message":"User context:","role":"teamLead","service":"task-management-fsm","timestamp":"2025-08-06T12:20:27.666Z"}
{"data":{},"level":"info","message":"[FSM] Event received:","service":"task-management-fsm","timestamp":"2025-08-06T12:57:07.657Z","type":"LOGOUT"}
{"data":{"email":"nicole.scott@company.com","password":"5wb1NPKG"},"level":"info","message":"[FSM] Event received:","service":"task-management-fsm","timestamp":"2025-08-06T12:57:27.072Z","type":"LOGIN"}
{"data":{"email":"ruth3@gmail.com","password":"Ovppzt9K"},"level":"info","message":"[FSM] Event received:","service":"task-management-fsm","timestamp":"2025-08-06T12:58:30.870Z","type":"LOGIN"}
{"data":{"email":"admin@company.com","password":"admin123"},"level":"info","message":"[FSM] Event received:","service":"task-management-fsm","timestamp":"2025-08-06T12:59:42.083Z","type":"LOGIN"}
{"data":{"email":"admin@company.com","password":"admin123"},"level":"info","message":"[FSM] Event received:","service":"task-management-fsm","timestamp":"2025-08-06T13:01:12.186Z","type":"LOGIN"}
{"data":{"email":"waleed@gmail.com","password":"123"},"level":"info","message":"[FSM] Event received:","service":"task-management-fsm","timestamp":"2025-08-06T13:01:37.870Z","type":"LOGIN"}
{"data":{"email":"admin@company.com","password":"admin123"},"level":"info","message":"[FSM] Event received:","service":"task-management-fsm","timestamp":"2025-08-06T13:10:15.860Z","type":"LOGIN"}
{"dashboard":"idle","level":"info","message":"Login successful, FSM state:","service":"task-management-fsm","timestamp":"2025-08-06T13:10:16.013Z"}
{"email":"admin@company.com","firstName":"Admin","lastName":"User","level":"info","message":"User context:","role":"teamLead","service":"task-management-fsm","timestamp":"2025-08-06T13:10:16.013Z"}
{"data":{"task":{"assignedTo":"heather.lopez@outlook.com","createdAt":1754543954390,"description":"jkhsd asdjf asdlkfj asdh sadjkfh ","dueDate":"2025-08-15","edited":false,"priority":"Medium","status":"Pending","title":"Task 101"}},"level":"info","message":"[FSM] Event received:","service":"task-management-fsm","timestamp":"2025-08-07T05:19:14.431Z","type":"SUBMIT_TASK"}
{"data":{"task":{"assignedTo":"georgesanchez@outlook.com","createdAt":1752308442376,"description":"Create automated testing suite to ensure application reliability.","dueDate":"2025-09-20T19:00:00.000Z","edited":true,"id":1,"priority":"high","status":"In Progress","title":"Design responsive navigation menu #1"},"taskId":1,"type":"UPDATE"},"level":"info","message":"[FSM] Event received:","service":"task-management-fsm","timestamp":"2025-08-07T05:30:45.479Z","type":"TASK_EVENT"}
{"data":{"task":{"assignedTo":"georgesanchez@outlook.com","createdAt":1752308442376,"description":"Create automated testing suite to ensure application reliability.","dueDate":"2025-09-20T19:00:00.000Z","edited":true,"id":1,"priority":"high","status":"In Progress","title":"Design responsive navigation menu #1"},"taskId":1,"type":"UPDATE"},"level":"info","message":"[FSM] Event received:","service":"task-management-fsm","timestamp":"2025-08-07T05:31:03.808Z","type":"TASK_EVENT"}
{"data":{},"level":"info","message":"[FSM] Event received:","service":"task-management-fsm","timestamp":"2025-08-07T05:31:22.493Z","type":"LOGOUT"}
{"data":{"email":"admin@company.com","password":"admin123"},"level":"info","message":"[FSM] Event received:","service":"task-management-fsm","timestamp":"2025-08-07T05:31:42.704Z","type":"LOGIN"}
{"dashboard":"idle","level":"info","message":"Login successful, FSM state:","service":"task-management-fsm","timestamp":"2025-08-07T05:31:43.109Z"}
{"email":"admin@company.com","firstName":"Admin","lastName":"User","level":"info","message":"User context:","role":"teamLead","service":"task-management-fsm","timestamp":"2025-08-07T05:31:43.110Z"}
{"data":{"task":{"assignedTo":"georgesanchez@outlook.com","createdAt":1752308442376,"description":"Create automated testing suite to ensure application reliability.","dueDate":"2025-09-20T19:00:00.000Z","edited":true,"id":1,"priority":"high","status":"In Progress","title":"Design responsive navigation menu #1"},"taskId":1,"type":"UPDATE"},"level":"info","message":"[FSM] Event received:","service":"task-management-fsm","timestamp":"2025-08-07T05:31:54.923Z","type":"TASK_EVENT"}
{"data":{"isEdit":true,"task":{"assignedTo":"george_king@outlook.com","createdAt":1752826791444,"description":"Implement secure file upload feature with validation and virus scanning.\nAJSDGF SKDJHF SHDF ","dueDate":"2025-11-04T19:00:00.000Z","edited":true,"id":2,"priority":"high","status":"Pending","title":"Update project dependencies #2"}},"level":"info","message":"[FSM] Event received:","service":"task-management-fsm","timestamp":"2025-08-07T05:35:19.891Z","type":"SUBMIT_TASK"}
{"data":{"isEdit":true,"task":{"assignedTo":"jsmith@tech.org","createdAt":1754288582161,"description":"Create a comprehensive authentication system with login, registration, and password reset functionality.","dueDate":"2025-08-10T19:00:00.000Z","edited":true,"id":5,"priority":"High","status":"In Progress","title":"Develop reporting dashboard #5"}},"level":"info","message":"[FSM] Event received:","service":"task-management-fsm","timestamp":"2025-08-07T05:35:58.432Z","type":"SUBMIT_TASK"}
{"data":{"isEdit":true,"task":{"assignedTo":"jsmith@tech.org","createdAt":1753538283216,"description":"Configure security headers and implement security best practices.","dueDate":"2025-10-02T19:00:00.000Z","edited":true,"id":4,"priority":"Low","status":"Completed","title":"Develop notification system #4"}},"level":"info","message":"[FSM] Event received:","service":"task-management-fsm","timestamp":"2025-08-07T05:36:30.494Z","type":"SUBMIT_TASK"}
{"data":{"isEdit":true,"task":{"assignedTo":"george_king@outlook.com","createdAt":1752826791444,"description":"Implement secure file upload feature with validation and virus scanning.","dueDate":"2025-11-04","edited":true,"id":2,"priority":"high","status":"Completed","title":"Update project dependencies #2"}},"level":"info","message":"[FSM] Event received:","service":"task-management-fsm","timestamp":"2025-08-07T05:49:19.798Z","type":"SUBMIT_TASK"}
{"data":{"taskId":1},"level":"info","message":"[FSM] Event received:","service":"task-management-fsm","timestamp":"2025-08-07T05:49:36.788Z","type":"DELETE_TASK"}
{"data":{"taskId":4},"level":"info","message":"[FSM] Event received:","service":"task-management-fsm","timestamp":"2025-08-07T05:50:46.102Z","type":"MARK_AS_COMPLETED"}
{"data":{"taskId":7},"level":"info","message":"[FSM] Event received:","service":"task-management-fsm","timestamp":"2025-08-07T05:51:53.378Z","type":"MARK_AS_COMPLETED"}
{"data":{},"level":"info","message":"[FSM] Event received:","service":"task-management-fsm","timestamp":"2025-08-07T06:34:52.191Z","type":"LOGOUT"}
{"data":{"email":"admin@company.com","password":"admin123"},"level":"info","message":"[FSM] Event received:","service":"task-management-fsm","timestamp":"2025-08-07T06:35:57.828Z","type":"LOGIN"}
{"dashboard":"idle","level":"info","message":"Login successful, FSM state:","service":"task-management-fsm","timestamp":"2025-08-07T06:35:58.248Z"}
{"email":"admin@company.com","firstName":"Admin","lastName":"User","level":"info","message":"User context:","role":"teamLead","service":"task-management-fsm","timestamp":"2025-08-07T06:35:58.249Z"}
{"data":{"taskId":8},"level":"info","message":"[FSM] Event received:","service":"task-management-fsm","timestamp":"2025-08-07T06:37:09.076Z","type":"MARK_AS_COMPLETED"}
{"data":{"email":"admin@company.com","password":"admin123"},"level":"info","message":"[FSM] Event received:","service":"task-management-fsm","timestamp":"2025-08-07T09:31:24.835Z","type":"LOGIN"}
{"dashboard":"idle","level":"info","message":"Login successful, FSM state:","service":"task-management-fsm","timestamp":"2025-08-07T09:31:25.006Z"}
{"email":"admin@company.com","firstName":"Admin","lastName":"User","level":"info","message":"User context:","role":"teamLead","service":"task-management-fsm","timestamp":"2025-08-07T09:31:25.007Z"}
{"data":{"email":"admin@gmail.com","password":"admin123"},"level":"info","message":"[FSM] Event received:","service":"task-management-fsm","timestamp":"2025-08-07T10:43:22.375Z","type":"LOGIN"}
{"dashboard":"idle","level":"info","message":"Login successful, FSM state:","service":"task-management-fsm","timestamp":"2025-08-07T10:43:22.561Z"}
{"email":"admin@gmail.com","firstName":"Admin","lastName":"User","level":"info","message":"User context:","role":"teamLead","service":"task-management-fsm","timestamp":"2025-08-07T10:43:22.561Z"}
{"data":{"email":"admin@gmail.com","password":"admin123"},"level":"info","message":"[FSM] Event received:","service":"task-management-fsm","timestamp":"2025-08-07T10:45:44.398Z","type":"LOGIN"}
{"dashboard":"idle","level":"info","message":"Login successful, FSM state:","service":"task-management-fsm","timestamp":"2025-08-07T10:45:44.591Z"}
{"email":"admin@gmail.com","firstName":"Admin","lastName":"User","level":"info","message":"User context:","role":"teamLead","service":"task-management-fsm","timestamp":"2025-08-07T10:45:44.591Z"}
{"data":{"email":"admin@gmail.com","password":"admin123"},"level":"info","message":"[FSM] Event received:","service":"task-management-fsm","timestamp":"2025-08-08T05:40:25.643Z","type":"LOGIN"}
{"dashboard":"idle","level":"info","message":"Login successful, FSM state:","service":"task-management-fsm","timestamp":"2025-08-08T05:40:25.817Z"}
{"email":"admin@gmail.com","firstName":"Admin","lastName":"User","level":"info","message":"User context:","role":"teamLead","service":"task-management-fsm","timestamp":"2025-08-08T05:40:25.817Z"}
{"data":{},"level":"info","message":"[FSM] Event received:","service":"task-management-fsm","timestamp":"2025-08-08T05:48:21.493Z","type":"LOGOUT"}
{"data":{"email":"admin@gmail.com","password":"admin123"},"level":"info","message":"[FSM] Event received:","service":"task-management-fsm","timestamp":"2025-08-08T05:48:32.915Z","type":"LOGIN"}
{"dashboard":"idle","level":"info","message":"Login successful, FSM state:","service":"task-management-fsm","timestamp":"2025-08-08T05:48:33.113Z"}
{"email":"admin@gmail.com","firstName":"Admin","lastName":"User","level":"info","message":"User context:","role":"teamLead","service":"task-management-fsm","timestamp":"2025-08-08T05:48:33.114Z"}
{"data":{"email":"admin@gmail.com","password":"admin123"},"level":"info","message":"[FSM] Event received:","service":"task-management-fsm","timestamp":"2025-08-08T06:01:22.637Z","type":"LOGIN"}
{"dashboard":"idle","level":"info","message":"Login successful, FSM state:","service":"task-management-fsm","timestamp":"2025-08-08T06:01:22.941Z"}
{"email":"admin@gmail.com","firstName":"Admin","lastName":"User","level":"info","message":"User context:","role":"teamLead","service":"task-management-fsm","timestamp":"2025-08-08T06:01:22.943Z"}
{"data":{"email":"admin@gmail.com","password":"admin123"},"level":"info","message":"[FSM] Event received:","service":"task-management-fsm","timestamp":"2025-08-08T09:14:51.573Z","type":"LOGIN"}
{"dashboard":"idle","level":"info","message":"Login successful, FSM state:","service":"task-management-fsm","timestamp":"2025-08-08T09:14:51.725Z"}
{"email":"admin@gmail.com","firstName":"Admin","lastName":"User","level":"info","message":"User context:","role":"teamLead","service":"task-management-fsm","timestamp":"2025-08-08T09:14:51.728Z"}
{"data":{"task":{"assignedTo":"william.anderson@yahoo.com","createdAt":1754644538193,"description":"This is a task description. ","dueDate":"2025-08-10","edited":false,"priority":"High","status":"Pending","title":"Task 101"}},"level":"info","message":"[FSM] Event received:","service":"task-management-fsm","timestamp":"2025-08-08T09:15:38.511Z","type":"SUBMIT_TASK"}
{"data":{"taskId":4},"level":"info","message":"[FSM] Event received:","service":"task-management-fsm","timestamp":"2025-08-08T09:16:28.203Z","type":"MARK_AS_COMPLETED"}
{"data":{},"level":"info","message":"[FSM] Event received:","service":"task-management-fsm","timestamp":"2025-08-08T09:17:42.079Z","type":"LOGOUT"}
{"data":{"email":"member@gmail.com","password":"admin123"},"level":"info","message":"[FSM] Event received:","service":"task-management-fsm","timestamp":"2025-08-08T09:17:51.875Z","type":"LOGIN"}
{"data":{"email":"member@gmail.com","password":"admin123"},"level":"info","message":"[FSM] Event received:","service":"task-management-fsm","timestamp":"2025-08-08T09:17:59.632Z","type":"LOGIN"}
{"data":{"email":"member@gmail.com","password":"admin123"},"level":"info","message":"[FSM] Event received:","service":"task-management-fsm","timestamp":"2025-08-08T09:19:51.112Z","type":"LOGIN"}
{"dashboard":"idle","level":"info","message":"Login successful, FSM state:","service":"task-management-fsm","timestamp":"2025-08-08T09:19:51.206Z"}
{"email":"member@gmail.com","firstName":"Admin","lastName":"User","level":"info","message":"User context:","role":"teamMember","service":"task-management-fsm","timestamp":"2025-08-08T09:19:51.206Z"}
{"data":{},"level":"info","message":"[FSM] Event received:","service":"task-management-fsm","timestamp":"2025-08-08T09:19:57.446Z","type":"LOGOUT"}
{"data":{"email":"member@gmail.com","password":"admin123"},"level":"info","message":"[FSM] Event received:","service":"task-management-fsm","timestamp":"2025-08-08T09:23:02.573Z","type":"LOGIN"}
{"dashboard":"idle","level":"info","message":"Login successful, FSM state:","service":"task-management-fsm","timestamp":"2025-08-08T09:23:02.675Z"}
{"email":"member@gmail.com","firstName":"Admin","lastName":"User","level":"info","message":"User context:","role":"teamMember","service":"task-management-fsm","timestamp":"2025-08-08T09:23:02.676Z"}
{"data":{},"level":"info","message":"[FSM] Event received:","service":"task-management-fsm","timestamp":"2025-08-08T09:26:04.849Z","type":"LOGOUT"}
{"data":{"email":"admin@gmail.com","password":"admin123"},"level":"info","message":"[FSM] Event received:","service":"task-management-fsm","timestamp":"2025-08-08T09:27:58.992Z","type":"LOGIN"}
{"dashboard":"idle","level":"info","message":"Login successful, FSM state:","service":"task-management-fsm","timestamp":"2025-08-08T09:27:59.102Z"}
{"email":"admin@gmail.com","firstName":"Admin","lastName":"User","level":"info","message":"User context:","role":"teamLead","service":"task-management-fsm","timestamp":"2025-08-08T09:27:59.103Z"}
{"data":{"task":{"assignedTo":"member@gmail.com","createdAt":1754645325239,"description":"This is a task description.","dueDate":"2025-08-10","edited":false,"priority":"High","status":"Pending","title":"Task 102"}},"level":"info","message":"[FSM] Event received:","service":"task-management-fsm","timestamp":"2025-08-08T09:28:45.554Z","type":"SUBMIT_TASK"}
{"data":{"taskId":61},"level":"info","message":"[FSM] Event received:","service":"task-management-fsm","timestamp":"2025-08-08T09:29:37.747Z","type":"MARK_AS_COMPLETED"}
{"data":{},"level":"info","message":"[FSM] Event received:","service":"task-management-fsm","timestamp":"2025-08-08T09:30:22.607Z","type":"LOGOUT"}
{"data":{"email":"member@gmail.com","password":"admin123"},"level":"info","message":"[FSM] Event received:","service":"task-management-fsm","timestamp":"2025-08-08T09:30:29.074Z","type":"LOGIN"}
{"dashboard":"idle","level":"info","message":"Login successful, FSM state:","service":"task-management-fsm","timestamp":"2025-08-08T09:30:29.187Z"}
{"email":"member@gmail.com","firstName":"Member","lastName":"User","level":"info","message":"User context:","role":"teamMember","service":"task-management-fsm","timestamp":"2025-08-08T09:30:29.187Z"}
{"data":{},"level":"info","message":"[FSM] Event received:","service":"task-management-fsm","timestamp":"2025-08-08T09:31:25.217Z","type":"LOGOUT"}
{"data":{"email":"admin@gmail.com","password":"admin123"},"level":"info","message":"[FSM] Event received:","service":"task-management-fsm","timestamp":"2025-08-08T10:44:29.325Z","type":"LOGIN"}
{"dashboard":"idle","level":"info","message":"Login successful, FSM state:","service":"task-management-fsm","timestamp":"2025-08-08T10:44:29.455Z"}
{"email":"admin@gmail.com","firstName":"Admin","lastName":"User","level":"info","message":"User context:","role":"teamLead","service":"task-management-fsm","timestamp":"2025-08-08T10:44:29.456Z"}
{"data":{},"level":"info","message":"[FSM] Event received:","service":"task-management-fsm","timestamp":"2025-08-08T10:45:29.422Z","type":"LOGOUT"}
{"data":{"email":"member@gmail.com","password":"admin123"},"level":"info","message":"[FSM] Event received:","service":"task-management-fsm","timestamp":"2025-08-08T10:45:40.041Z","type":"LOGIN"}
{"dashboard":"idle","level":"info","message":"Login successful, FSM state:","service":"task-management-fsm","timestamp":"2025-08-08T10:45:40.135Z"}
{"email":"member@gmail.com","firstName":"Admin","lastName":"User","level":"info","message":"User context:","role":"teamMember","service":"task-management-fsm","timestamp":"2025-08-08T10:45:40.136Z"}
{"data":{"email":"admin@gmail.com","password":"admin123"},"level":"info","message":"[FSM] Event received:","service":"task-management-fsm","timestamp":"2025-08-08T15:16:14.634Z","type":"LOGIN"}
{"data":{"email":"admin@gmail.com","password":"admin123"},"level":"info","message":"[FSM] Event received:","service":"task-management-fsm","timestamp":"2025-08-08T15:16:17.947Z","type":"LOGIN"}
{"data":{"email":"admin@gmail.com","password":"admin123"},"level":"info","message":"[FSM] Event received:","service":"task-management-fsm","timestamp":"2025-08-08T15:17:31.265Z","type":"LOGIN"}
{"data":{"email":"admin@gmail.com","password":"admin123"},"level":"info","message":"[FSM] Event received:","service":"task-management-fsm","timestamp":"2025-08-08T15:17:36.872Z","type":"LOGIN"}
{"data":{"email":"admin@gmail.com","password":"admin123"},"level":"info","message":"[FSM] Event received:","service":"task-management-fsm","timestamp":"2025-08-08T15:17:48.281Z","type":"LOGIN"}
{"data":{"email":"admin@gmail.com","password":"admin123"},"level":"info","message":"[FSM] Event received:","service":"task-management-fsm","timestamp":"2025-08-08T15:20:29.245Z","type":"LOGIN"}
{"data":{"email":"admin@gmail.com","password":"admin123"},"level":"info","message":"[FSM] Event received:","service":"task-management-fsm","timestamp":"2025-08-08T15:21:09.650Z","type":"LOGIN"}
{"data":{"email":"admin@gmail.com","password":"admin123"},"level":"info","message":"[FSM] Event received:","service":"task-management-fsm","timestamp":"2025-08-08T15:22:43.303Z","type":"LOGIN"}
{"data":{"email":"admin@gmail.com","password":"admin123"},"level":"info","message":"[FSM] Event received:","service":"task-management-fsm","timestamp":"2025-08-08T15:22:45.935Z","type":"LOGIN"}
{"data":{"email":"admin@gmail.com","password":"admin123"},"level":"info","message":"[FSM] Event received:","service":"task-management-fsm","timestamp":"2025-08-08T15:22:47.166Z","type":"LOGIN"}
{"data":{"email":"admin@gmail.com","password":"admin123"},"level":"info","message":"[FSM] Event received:","service":"task-management-fsm","timestamp":"2025-08-08T15:23:53.185Z","type":"LOGIN"}
{"data":{"email":"admin@gmail.com","password":"admin123"},"level":"info","message":"[FSM] Event received:","service":"task-management-fsm","timestamp":"2025-08-08T15:24:02.966Z","type":"LOGIN"}
{"data":{"email":"admin@gmail.com","password":"admin123"},"level":"info","message":"[FSM] Event received:","service":"task-management-fsm","timestamp":"2025-08-08T16:03:59.456Z","type":"LOGIN"}
{"data":{"email":"admin@gmail.com","password":"admin123"},"level":"info","message":"[FSM] Event received:","service":"task-management-fsm","timestamp":"2025-08-08T16:10:21.870Z","type":"LOGIN"}
{"data":{"email":"admin@gmail.com","password":"admin123"},"level":"info","message":"[FSM] Event received:","service":"task-management-fsm","timestamp":"2025-08-08T16:10:24.814Z","type":"LOGIN"}
{"data":{"email":"admin@gmail.com","password":"admin123"},"level":"info","message":"[FSM] Event received:","service":"task-management-fsm","timestamp":"2025-08-08T16:10:48.951Z","type":"LOGIN"}
{"data":{"email":"admin@gmail.com","password":"admin123"},"level":"info","message":"[FSM] Event received:","service":"task-management-fsm","timestamp":"2025-08-08T16:21:32.329Z","type":"LOGIN"}
{"data":{"email":"admin@gmail.com","password":"admin123"},"level":"info","message":"[FSM] Event received:","service":"task-management-fsm","timestamp":"2025-08-08T16:27:41.485Z","type":"LOGIN"}
{"data":{"email":"member@gmail.com","password":"admin123"},"level":"info","message":"[FSM] Event received:","service":"task-management-fsm","timestamp":"2025-08-08T16:37:52.263Z","type":"LOGIN"}
{"data":{"email":"admin@gmail.com","password":"admin123"},"level":"info","message":"[FSM] Event received:","service":"task-management-fsm","timestamp":"2025-08-08T16:48:28.203Z","type":"LOGIN"}
{"data":{"email":"admin@gmail.com","password":"admin123"},"level":"info","message":"[FSM] Event received:","service":"task-management-fsm","timestamp":"2025-08-09T13:57:54.532Z","type":"LOGIN"}
{"data":{"email":"admin@gmail.com","password":"admin123"},"level":"info","message":"[FSM] Event received:","service":"task-management-fsm","timestamp":"2025-08-09T16:45:55.279Z","type":"LOGIN"}
{"data":{"email":"admin@gmail.com","password":"admin123"},"level":"info","message":"[FSM] Event received:","service":"task-management-fsm","timestamp":"2025-08-09T16:46:24.880Z","type":"LOGIN"}
{"data":{"email":"admin@gmail.com","password":"admin123"},"level":"info","message":"[FSM] Event received:","service":"task-management-fsm","timestamp":"2025-08-10T05:41:20.915Z","type":"LOGIN"}
{"dashboard":"idle","level":"info","message":"Login successful, FSM state:","service":"task-management-fsm","timestamp":"2025-08-10T05:41:21.051Z"}
{"email":"admin@gmail.com","firstName":"Admin","lastName":"User","level":"info","message":"User context:","role":"teamLead","service":"task-management-fsm","timestamp":"2025-08-10T05:41:21.053Z"}
{"data":{},"level":"info","message":"[FSM] Event received:","service":"task-management-fsm","timestamp":"2025-08-10T05:45:35.406Z","type":"LOGOUT"}
{"data":{"email":"member@gmail.com","password":"admin123"},"level":"info","message":"[FSM] Event received:","service":"task-management-fsm","timestamp":"2025-08-10T05:45:48.006Z","type":"LOGIN"}
{"dashboard":"idle","level":"info","message":"Login successful, FSM state:","service":"task-management-fsm","timestamp":"2025-08-10T05:45:48.103Z"}
{"email":"member@gmail.com","firstName":"Admin","lastName":"User","level":"info","message":"User context:","role":"teamMember","service":"task-management-fsm","timestamp":"2025-08-10T05:45:48.103Z"}
{"data":{},"level":"info","message":"[FSM] Event received:","service":"task-management-fsm","timestamp":"2025-08-10T05:46:49.787Z","type":"LOGOUT"}
{"data":{"email":"admin@gmail.com","password":"admin123"},"level":"info","message":"[FSM] Event received:","service":"task-management-fsm","timestamp":"2025-08-10T05:49:30.714Z","type":"LOGIN"}
{"dashboard":"idle","level":"info","message":"Login successful, FSM state:","service":"task-management-fsm","timestamp":"2025-08-10T05:49:30.805Z"}
{"email":"admin@gmail.com","firstName":"Admin","lastName":"User","level":"info","message":"User context:","role":"teamLead","service":"task-management-fsm","timestamp":"2025-08-10T05:49:30.805Z"}
{"data":{"email":"admin@gmail.com","password":"admin123"},"level":"info","message":"[FSM] Event received:","service":"task-management-fsm","timestamp":"2025-08-10T14:53:54.163Z","type":"LOGIN"}
{"data":{"email":"admin@gmail.com","password":"admin123"},"level":"info","message":"[FSM] Event received:","service":"task-management-fsm","timestamp":"2025-08-10T14:58:20.998Z","type":"LOGIN"}
{"data":{"email":"admin@gmail.com","password":"admin123"},"level":"info","message":"[FSM] Event received:","service":"task-management-fsm","timestamp":"2025-08-10T16:45:21.744Z","type":"LOGIN"}
{"dashboard":"idle","level":"info","message":"Login successful, FSM state:","service":"task-management-fsm","timestamp":"2025-08-10T16:45:21.884Z"}
{"email":"admin@gmail.com","firstName":"Admin","lastName":"User","level":"info","message":"User context:","role":"teamLead","service":"task-management-fsm","timestamp":"2025-08-10T16:45:21.885Z"}
{"data":{},"level":"info","message":"[FSM] Event received:","service":"task-management-fsm","timestamp":"2025-08-10T16:46:31.945Z","type":"LOGOUT"}
{"data":{"email":"admin@gmail.com","password":"admin123"},"level":"info","message":"[FSM] Event received:","service":"task-management-fsm","timestamp":"2025-08-10T16:47:05.935Z","type":"LOGIN"}
{"dashboard":"idle","level":"info","message":"Login successful, FSM state:","service":"task-management-fsm","timestamp":"2025-08-10T16:47:06.041Z"}
{"email":"admin@gmail.com","firstName":"Admin","lastName":"User","level":"info","message":"User context:","role":"teamLead","service":"task-management-fsm","timestamp":"2025-08-10T16:47:06.042Z"}
{"data":{"email":"admin@gmail.com","password":"admin123"},"level":"info","message":"[FSM] Event received:","service":"task-management-fsm","timestamp":"2025-08-10T17:04:34.449Z","type":"LOGIN"}
{"dashboard":"idle","level":"info","message":"Login successful, FSM state:","service":"task-management-fsm","timestamp":"2025-08-10T17:04:34.587Z"}
{"email":"admin@gmail.com","firstName":"Admin","lastName":"User","level":"info","message":"User context:","role":"teamLead","service":"task-management-fsm","timestamp":"2025-08-10T17:04:34.587Z"}
{"data":{"email":"admin@gmail.com","password":"admin123"},"level":"info","message":"[FSM] Event received:","service":"task-management-fsm","timestamp":"2025-08-10T17:08:22.103Z","type":"LOGIN"}
{"dashboard":"idle","level":"info","message":"Login successful, FSM state:","service":"task-management-fsm","timestamp":"2025-08-10T17:08:22.288Z"}
{"email":"admin@gmail.com","firstName":"Admin","lastName":"User","level":"info","message":"User context:","role":"teamLead","service":"task-management-fsm","timestamp":"2025-08-10T17:08:22.288Z"}
{"data":{"email":"admin@gmail.com","password":"admin123"},"level":"info","message":"[FSM] Event received:","service":"task-management-fsm","timestamp":"2025-08-11T00:22:42.920Z","type":"LOGIN"}
{"dashboard":"idle","level":"info","message":"Login successful, FSM state:","service":"task-management-fsm","timestamp":"2025-08-11T00:22:43.152Z"}
{"email":"admin@gmail.com","firstName":"Admin","lastName":"User","level":"info","message":"User context:","role":"teamLead","service":"task-management-fsm","timestamp":"2025-08-11T00:22:43.155Z"}
{"data":{"email":"admin@gmail.com","password":"admin123"},"level":"info","message":"[FSM] Event received:","service":"task-management-fsm","timestamp":"2025-08-11T04:05:52.225Z","type":"LOGIN"}
{"dashboard":"idle","level":"info","message":"Login successful, FSM state:","service":"task-management-fsm","timestamp":"2025-08-11T04:05:52.383Z"}
{"email":"admin@gmail.com","firstName":"Admin","lastName":"User","level":"info","message":"User context:","role":"teamLead","service":"task-management-fsm","timestamp":"2025-08-11T04:05:52.384Z"}
{"data":{"email":"admin@gmail.com","password":"admin123"},"level":"info","message":"[FSM] Event received:","service":"task-management-fsm","timestamp":"2025-08-11T04:31:18.922Z","type":"LOGIN"}
{"dashboard":"idle","level":"info","message":"Login successful, FSM state:","service":"task-management-fsm","timestamp":"2025-08-11T04:31:19.039Z"}
{"email":"admin@gmail.com","firstName":"Admin","lastName":"User","level":"info","message":"User context:","role":"teamLead","service":"task-management-fsm","timestamp":"2025-08-11T04:31:19.040Z"}
{"data":{"email":"admin@gmail.com","password":"admin123"},"level":"info","message":"[FSM] Event received:","service":"task-management-fsm","timestamp":"2025-08-11T04:55:42.301Z","type":"LOGIN"}
{"dashboard":"idle","level":"info","message":"Login successful, FSM state:","service":"task-management-fsm","timestamp":"2025-08-11T04:55:42.437Z"}
{"email":"admin@gmail.com","firstName":"Admin","lastName":"User","level":"info","message":"User context:","role":"teamLead","service":"task-management-fsm","timestamp":"2025-08-11T04:55:42.438Z"}
{"data":{"taskId":5},"level":"info","message":"[FSM] Event received:","service":"task-management-fsm","timestamp":"2025-08-11T04:57:42.428Z","type":"MARK_AS_COMPLETED"}
{"data":{},"level":"info","message":"[FSM] Event received:","service":"task-management-fsm","timestamp":"2025-08-11T04:58:27.603Z","type":"LOGOUT"}
{"data":{"email":"member@gmail.com","password":"admin123"},"level":"info","message":"[FSM] Event received:","service":"task-management-fsm","timestamp":"2025-08-11T04:58:37.525Z","type":"LOGIN"}
{"dashboard":"idle","level":"info","message":"Login successful, FSM state:","service":"task-management-fsm","timestamp":"2025-08-11T04:58:37.615Z"}
{"email":"member@gmail.com","firstName":"Admin","lastName":"User","level":"info","message":"User context:","role":"teamMember","service":"task-management-fsm","timestamp":"2025-08-11T04:58:37.615Z"}
{"data":{},"level":"info","message":"[FSM] Event received:","service":"task-management-fsm","timestamp":"2025-08-11T04:59:35.148Z","type":"LOGOUT"}
